<?xml version="1.0" encoding="UTF-8"?>
<!-- Generated by org.testng.reporters.JUnitReportReporter -->
<testsuite skipped="0" hostname="LAPTOP-5G0H4FFG" name="TestRunner" tests="1" failures="0" timestamp="2022-09-09T17:41:30 PDT" time="5.727" errors="0">
  <testcase name="runScenario" time="5.727" classname="TestRunner"/>
  <system-out/>
</testsuite> <!-- TestRunner -->
